0 info it worked if it ends with ok
1 verbose cli [ 'node',
1 verbose cli   '/usr/local/bin/npm',
1 verbose cli   'install',
1 verbose cli   'node-json2html',
1 verbose cli   '--save' ]
2 info using npm@2.3.0
3 info using node@v0.10.29
4 verbose node symlink /usr/local/bin/node
5 warn package.json punycode@1.4.1 punycode is also the name of a node core module.
6 warn package.json string_decoder@0.10.31 string_decoder is also the name of a node core module.
7 silly cache add args [ 'node-json2html', null ]
8 verbose cache add spec node-json2html
9 silly cache add parsed spec { raw: 'node-json2html',
9 silly cache add   scope: null,
9 silly cache add   name: 'node-json2html',
9 silly cache add   rawSpec: '',
9 silly cache add   spec: '*',
9 silly cache add   type: 'range' }
10 verbose addNamed node-json2html@*
11 silly addNamed semver.valid null
12 silly addNamed semver.validRange *
13 silly addNameRange { name: 'node-json2html', range: '*', hasData: false }
14 silly mapToRegistry name node-json2html
15 silly mapToRegistry using default registry
16 silly mapToRegistry registry https://registry.npmjs.org/
17 silly mapToRegistry uri https://registry.npmjs.org/node-json2html
18 verbose addNameRange registry:https://registry.npmjs.org/node-json2html not in flight; fetching
19 verbose request uri https://registry.npmjs.org/node-json2html
20 verbose request no auth needed
21 info attempt registry request try #1 at 17:25:37
22 verbose request id f126133af2f6c6aa
23 http request GET https://registry.npmjs.org/node-json2html
24 http 200 https://registry.npmjs.org/node-json2html
25 silly get cb [ 200,
25 silly get   { 'content-type': 'application/json; charset=UTF-8',
25 silly get     server: 'UploadServer',
25 silly get     'cache-control': 'max-age=300',
25 silly get     'last-modified': 'Thu, 20 Oct 2016 5:03:22 GMT',
25 silly get     etag: '"5808501a-1797"',
25 silly get     'content-encoding': 'gzip',
25 silly get     'content-length': '1798',
25 silly get     'accept-ranges': 'bytes',
25 silly get     date: 'Thu, 18 Jan 2018 22:25:38 GMT',
25 silly get     via: '1.1 varnish',
25 silly get     age: '0',
25 silly get     connection: 'keep-alive',
25 silly get     'x-served-by': 'cache-jfk8144-JFK',
25 silly get     'x-cache': 'MISS',
25 silly get     'x-cache-hits': '0',
25 silly get     'x-timer': 'S1516314338.475338,VS0,VE145',
25 silly get     vary: 'Accept-Encoding, Accept' } ]
26 silly addNameRange number 2 { name: 'node-json2html', range: '*', hasData: true }
27 silly addNameRange versions [ 'node-json2html', [ '0.4.1', '1.0.0', '1.1.1' ] ]
28 verbose addNamed node-json2html@1.1.1
29 silly addNamed semver.valid 1.1.1
30 silly addNamed semver.validRange 1.1.1
31 silly mapToRegistry name node-json2html
32 silly mapToRegistry using default registry
33 silly mapToRegistry registry https://registry.npmjs.org/
34 silly mapToRegistry uri https://registry.npmjs.org/node-json2html
35 verbose addRemoteTarball https://registry.npmjs.org/node-json2html/-/node-json2html-1.1.1.tgz not in flight; adding
36 verbose addRemoteTarball [ 'https://registry.npmjs.org/node-json2html/-/node-json2html-1.1.1.tgz',
36 verbose addRemoteTarball   'f59fa2c952cc4d8fe2dfe3f090b911865569067e' ]
37 info retry fetch attempt 1 at 17:25:38
38 info attempt registry request try #1 at 17:25:38
39 http fetch GET https://registry.npmjs.org/node-json2html/-/node-json2html-1.1.1.tgz
40 http fetch 200 https://registry.npmjs.org/node-json2html/-/node-json2html-1.1.1.tgz
41 silly fetchAndShaCheck shasum f59fa2c952cc4d8fe2dfe3f090b911865569067e
42 verbose addTmpTarball /var/folders/yp/_dkxrwzd043dnbckn8w4hr880000gn/T/npm-33368-35282846/registry.npmjs.org/node-json2html/-/node-json2html-1.1.1.tgz not in flight; adding
43 verbose addTmpTarball already have metadata; skipping unpack for node-json2html@1.1.1
44 silly cache afterAdd node-json2html@1.1.1
45 verbose afterAdd /Users/adamtavares/.npm/node-json2html/1.1.1/package/package.json not in flight; writing
46 verbose afterAdd /Users/adamtavares/.npm/node-json2html/1.1.1/package/package.json written
47 silly install resolved [ { author:
47 silly install resolved      { name: 'Chad Brown',
47 silly install resolved        email: 'info@json2html.com',
47 silly install resolved        url: 'http://json2html.com' },
47 silly install resolved     name: 'node-json2html',
47 silly install resolved     description: 'node-json2html - HTML Templating using JSON2HTML',
47 silly install resolved     version: '1.1.1',
47 silly install resolved     homepage: 'http://json2html.com',
47 silly install resolved     repository: { url: 'git://github.com/moappi/node-json2html.git' },
47 silly install resolved     keywords:
47 silly install resolved      [ 'json2html',
47 silly install resolved        'templating',
47 silly install resolved        'html',
47 silly install resolved        'web',
47 silly install resolved        'templates',
47 silly install resolved        'transforms',
47 silly install resolved        'json' ],
47 silly install resolved     main: 'lib/node-json2html.js',
47 silly install resolved     dependencies: {},
47 silly install resolved     devDependencies: {},
47 silly install resolved     optionalDependencies: {},
47 silly install resolved     engines: { node: '*' },
47 silly install resolved     bugs: { url: 'https://github.com/moappi/node-json2html/issues' },
47 silly install resolved     directories: { test: 'tests' },
47 silly install resolved     scripts: { test: 'echo "Error: no test specified" && exit 1' },
47 silly install resolved     license: 'ISC',
47 silly install resolved     _id: 'node-json2html@1.1.1',
47 silly install resolved     _shasum: 'f59fa2c952cc4d8fe2dfe3f090b911865569067e',
47 silly install resolved     _from: 'node-json2html@*',
47 silly install resolved     _npmVersion: '3.10.7',
47 silly install resolved     _nodeVersion: '0.10.41',
47 silly install resolved     _npmUser: { name: 'moappi', email: 'github@crystallinetech.com' },
47 silly install resolved     dist:
47 silly install resolved      { shasum: 'f59fa2c952cc4d8fe2dfe3f090b911865569067e',
47 silly install resolved        tarball: 'https://registry.npmjs.org/node-json2html/-/node-json2html-1.1.1.tgz' },
47 silly install resolved     maintainers: [ [Object] ],
47 silly install resolved     _npmOperationalInternal:
47 silly install resolved      { host: 'packages-18-east.internal.npmjs.com',
47 silly install resolved        tmp: 'tmp/node-json2html-1.1.1.tgz_1476939800198_0.5591250688303262' },
47 silly install resolved     _resolved: 'https://registry.npmjs.org/node-json2html/-/node-json2html-1.1.1.tgz' } ]
48 info install node-json2html@1.1.1 into /Users/adamtavares/angular-seed
49 info installOne node-json2html@1.1.1
50 verbose installOne of node-json2html to /Users/adamtavares/angular-seed not in flight; installing
51 verbose lock using /Users/adamtavares/.npm/_locks/node-json2html-10a3a0b70ca9d3ce.lock for /Users/adamtavares/angular-seed/node_modules/node-json2html
52 silly install write writing node-json2html 1.1.1 to /Users/adamtavares/angular-seed/node_modules/node-json2html
53 silly cache addNamed cb node-json2html@1.1.1
54 verbose unbuild node_modules/node-json2html
55 verbose gentlyRm vacuuming /Users/adamtavares/angular-seed/node_modules/node-json2html
56 verbose tar unpack /Users/adamtavares/.npm/node-json2html/1.1.1/package.tgz
57 verbose tar unpacking to /Users/adamtavares/angular-seed/node_modules/node-json2html
58 verbose gentlyRm vacuuming /Users/adamtavares/angular-seed/node_modules/node-json2html
59 silly gunzTarPerm modes [ '755', '644' ]
60 silly gunzTarPerm extractEntry package.json
61 silly gunzTarPerm modified mode [ 'package.json', 436, 420 ]
62 silly gunzTarPerm extractEntry .npmignore
63 silly gunzTarPerm modified mode [ '.npmignore', 436, 420 ]
64 silly gunzTarPerm extractEntry README.md
65 silly gunzTarPerm modified mode [ 'README.md', 436, 420 ]
66 silly gunzTarPerm extractEntry lib/json2html.js
67 silly gunzTarPerm modified mode [ 'lib/json2html.js', 436, 420 ]
68 silly gunzTarPerm extractEntry lib/node-json2html.js
69 silly gunzTarPerm modified mode [ 'lib/node-json2html.js', 436, 420 ]
70 silly gunzTarPerm extractEntry tests/nested.js
71 silly gunzTarPerm modified mode [ 'tests/nested.js', 436, 420 ]
72 silly gunzTarPerm extractEntry tests/shorthand.js
73 silly gunzTarPerm modified mode [ 'tests/shorthand.js', 436, 420 ]
74 info preinstall node-json2html@1.1.1
75 silly install resolved []
76 verbose about to build /Users/adamtavares/angular-seed/node_modules/node-json2html
77 info build /Users/adamtavares/angular-seed/node_modules/node-json2html
78 verbose linkStuff [ false,
78 verbose linkStuff   false,
78 verbose linkStuff   false,
78 verbose linkStuff   '/Users/adamtavares/angular-seed/node_modules' ]
79 info linkStuff node-json2html@1.1.1
80 verbose linkBins node-json2html@1.1.1
81 verbose linkMans node-json2html@1.1.1
82 verbose rebuildBundles node-json2html@1.1.1
83 info install node-json2html@1.1.1
84 info postinstall node-json2html@1.1.1
85 verbose unlock done using /Users/adamtavares/.npm/_locks/node-json2html-10a3a0b70ca9d3ce.lock for /Users/adamtavares/angular-seed/node_modules/node-json2html
86 verbose stack Error: The package karma does not satisfy its siblings' peerDependencies requirements!
86 verbose stack     at /usr/local/lib/node_modules/npm/lib/install.js:103:32
86 verbose stack     at /usr/local/lib/node_modules/npm/lib/install.js:225:5
86 verbose stack     at /usr/local/lib/node_modules/npm/node_modules/read-installed/read-installed.js:138:5
86 verbose stack     at /usr/local/lib/node_modules/npm/node_modules/read-installed/read-installed.js:251:14
86 verbose stack     at cb (/usr/local/lib/node_modules/npm/node_modules/slide/lib/async-map.js:47:24)
86 verbose stack     at /usr/local/lib/node_modules/npm/node_modules/read-installed/read-installed.js:251:14
86 verbose stack     at cb (/usr/local/lib/node_modules/npm/node_modules/slide/lib/async-map.js:47:24)
86 verbose stack     at /usr/local/lib/node_modules/npm/node_modules/read-installed/read-installed.js:251:14
86 verbose stack     at cb (/usr/local/lib/node_modules/npm/node_modules/slide/lib/async-map.js:47:24)
86 verbose stack     at /usr/local/lib/node_modules/npm/node_modules/read-installed/read-installed.js:251:14
87 verbose cwd /Users/adamtavares/angular-seed/app/lib/drawings
88 error Darwin 15.5.0
89 error argv "node" "/usr/local/bin/npm" "install" "node-json2html" "--save"
90 error node v0.10.29
91 error npm  v2.3.0
92 error code EPEERINVALID
93 error peerinvalid The package karma does not satisfy its siblings' peerDependencies requirements!
93 error peerinvalid Peer karma-html2js-preprocessor@0.1.0 wants karma@>=0.9
93 error peerinvalid Peer karma-requirejs@0.2.2 wants karma@>=0.9
93 error peerinvalid Peer karma-script-launcher@0.1.0 wants karma@>=0.9
93 error peerinvalid Peer grunt-karma@0.12.2 wants karma@^0.13.0 || >= 0.14.0-rc.0
93 error peerinvalid Peer karma-phantomjs-launcher@0.2.2 wants karma@>=0.9
93 error peerinvalid Peer karma-junit-reporter@0.2.2 wants karma@>=0.9
93 error peerinvalid Peer karma-coffee-preprocessor@0.1.3 wants karma@>=0.9
94 verbose exit [ 1, true ]
