0 info it worked if it ends with ok
1 verbose cli [ 'node', '/usr/local/bin/npm', 'start' ]
2 info using npm@3.7.1
3 info using node@v0.12.4
4 verbose run-script [ 'prestart', 'start', 'poststart' ]
5 info lifecycle angular-seed@0.0.0~prestart: angular-seed@0.0.0
6 verbose lifecycle angular-seed@0.0.0~prestart: unsafe-perm in lifecycle true
7 verbose lifecycle angular-seed@0.0.0~prestart: PATH: /usr/local/lib/node_modules/npm/bin/node-gyp-bin:/Users/adamtavares/Code/angular-seed/node_modules/.bin:/usr/local/bin:/usr/local/bin:/usr/bin:/bin:/usr/sbin:/sbin:/Users/adamtavares/lib/bash_lib/scripts:/usr/local/share/scala/bin:/Users/adamtavares/lib/activator-dist-1.3.7
8 verbose lifecycle angular-seed@0.0.0~prestart: CWD: /Users/adamtavares/Code/angular-seed
9 silly lifecycle angular-seed@0.0.0~prestart: Args: [ '-c', 'npm install' ]
10 silly lifecycle angular-seed@0.0.0~prestart: Returned: code: 0  signal: null
11 info lifecycle angular-seed@0.0.0~start: angular-seed@0.0.0
12 verbose lifecycle angular-seed@0.0.0~start: unsafe-perm in lifecycle true
13 verbose lifecycle angular-seed@0.0.0~start: PATH: /usr/local/lib/node_modules/npm/bin/node-gyp-bin:/Users/adamtavares/Code/angular-seed/node_modules/.bin:/usr/local/bin:/usr/local/bin:/usr/bin:/bin:/usr/sbin:/sbin:/Users/adamtavares/lib/bash_lib/scripts:/usr/local/share/scala/bin:/Users/adamtavares/lib/activator-dist-1.3.7
14 verbose lifecycle angular-seed@0.0.0~start: CWD: /Users/adamtavares/Code/angular-seed
15 silly lifecycle angular-seed@0.0.0~start: Args: [ '-c',
15 silly lifecycle   'concurrently "http-server -a localhost -p 8000 -c-1" "node proxy/corsProxy.js"' ]
16 silly lifecycle angular-seed@0.0.0~start: Returned: code: 1  signal: null
17 info lifecycle angular-seed@0.0.0~start: Failed to exec start script
18 verbose stack Error: angular-seed@0.0.0 start: `concurrently "http-server -a localhost -p 8000 -c-1" "node proxy/corsProxy.js"`
18 verbose stack Exit status 1
18 verbose stack     at EventEmitter.<anonymous> (/usr/local/lib/node_modules/npm/lib/utils/lifecycle.js:239:16)
18 verbose stack     at EventEmitter.emit (events.js:110:17)
18 verbose stack     at ChildProcess.<anonymous> (/usr/local/lib/node_modules/npm/lib/utils/spawn.js:24:14)
18 verbose stack     at ChildProcess.emit (events.js:110:17)
18 verbose stack     at maybeClose (child_process.js:1015:16)
18 verbose stack     at Process.ChildProcess._handle.onexit (child_process.js:1087:5)
19 verbose pkgid angular-seed@0.0.0
20 verbose cwd /Users/adamtavares/Code/angular-seed
21 error Darwin 14.5.0
22 error argv "node" "/usr/local/bin/npm" "start"
23 error node v0.12.4
24 error npm  v3.7.1
25 error code ELIFECYCLE
26 error angular-seed@0.0.0 start: `concurrently "http-server -a localhost -p 8000 -c-1" "node proxy/corsProxy.js"`
26 error Exit status 1
27 error Failed at the angular-seed@0.0.0 start script 'concurrently "http-server -a localhost -p 8000 -c-1" "node proxy/corsProxy.js"'.
27 error Make sure you have the latest version of node.js and npm installed.
27 error If you do, this is most likely a problem with the angular-seed package,
27 error not with npm itself.
27 error Tell the author that this fails on your system:
27 error     concurrently "http-server -a localhost -p 8000 -c-1" "node proxy/corsProxy.js"
27 error You can get information on how to open an issue for this project with:
27 error     npm bugs angular-seed
27 error Or if that isn't available, you can get their info via:
27 error     npm owner ls angular-seed
27 error There is likely additional logging output above.
28 verbose exit [ 1, true ]
